<?xml version="1.0" encoding="UTF-8"?>
<!-- Generated by org.testng.reporters.JUnitReportReporter -->
<testsuite skipped="0" hostname="venu-PC" name="com.orangehrm.tests.AddEmployeeTest" tests="1" failures="0" timestamp="27 Dec 2018 11:45:48 GMT" time="109.177" errors="0">
  <testcase name="verifyAddEmployee" time="109.177" classname="com.orangehrm.tests.AddEmployeeTest"/>
</testsuite> <!-- com.orangehrm.tests.AddEmployeeTest -->
