<?xml version="1.0" encoding="UTF-8"?>
<!-- Generated by org.testng.reporters.JUnitReportReporter -->
<testsuite skipped="0" hostname="venu-PC" name="com.orangehrm.tests.AddEmployeeTest" tests="1" failures="0" timestamp="27 Dec 2018 12:42:28 GMT" time="87.984" errors="0">
  <testcase name="verifyAddEmployee" time="87.984" classname="com.orangehrm.tests.AddEmployeeTest"/>
</testsuite> <!-- com.orangehrm.tests.AddEmployeeTest -->
