<?xml version="1.0" encoding="UTF-8"?>
<!-- Generated by org.testng.reporters.JUnitReportReporter -->
<testsuite skipped="0" hostname="venu-PC" name="com.orangehrm.tests.LoginTest" tests="1" failures="0" timestamp="09 Dec 2018 05:42:30 GMT" time="32.684" errors="0">
  <testcase name="Login1" time="32.684" classname="com.orangehrm.tests.LoginTest"/>
</testsuite> <!-- com.orangehrm.tests.LoginTest -->
